<?xml version="1.0" encoding="UTF-8"?>
<!-- Generated by org.testng.reporters.JUnitXMLReporter -->
<testsuite hostname="NC003" name="TC_ProviderSubmissionSingleTin" tests="57" failures="51" timestamp="30 Mar 2018 14:11:14 GMT" time="11673.397" errors="0">
  <testcase name="testBlankPassword" time="222.423" classname="testcases.mips.TC_SubmissionSingleTin">
    <failure type="java.lang.AssertionError" message="Step 19	Action: verifyelement	Status: Fail">
      <![CDATA[java.lang.AssertionError: Step 19	Action: verifyelement	Status: Fail
	at buisness.frameworkengine.TestExecutor.testexecute(TestExecutor.java:337)
	at testcases.mips.TC_SubmissionSingleTin.testBlankPassword(TC_SubmissionSingleTin.java:24)
	at TestNGLoader.Loader.main(Loader.java:60)
... Removed 22 stack frames]]>
    </failure>
  </testcase> <!-- testBlankPassword -->
  <testcase name="testBlankPassword" time="207.792" classname="testcases.mips.TC_SubmissionSingleTin">
    <failure type="java.lang.AssertionError" message="Step 19	Action: verifyelement	Status: Fail">
      <![CDATA[java.lang.AssertionError: Step 19	Action: verifyelement	Status: Fail
	at buisness.frameworkengine.TestExecutor.testexecute(TestExecutor.java:337)
	at testcases.mips.TC_SubmissionSingleTin.testBlankPassword(TC_SubmissionSingleTin.java:24)
	at TestNGLoader.Loader.main(Loader.java:60)
... Removed 22 stack frames]]>
    </failure>
  </testcase> <!-- testBlankPassword -->
  <testcase name="testBlankPassword" time="221.351" classname="testcases.mips.TC_SubmissionSingleTin">
    <failure type="java.lang.AssertionError" message="Step 19	Action: verifyelement	Status: Fail">
      <![CDATA[java.lang.AssertionError: Step 19	Action: verifyelement	Status: Fail
	at buisness.frameworkengine.TestExecutor.testexecute(TestExecutor.java:337)
	at testcases.mips.TC_SubmissionSingleTin.testBlankPassword(TC_SubmissionSingleTin.java:24)
	at TestNGLoader.Loader.main(Loader.java:60)
... Removed 22 stack frames]]>
    </failure>
  </testcase> <!-- testBlankPassword -->
  <testcase name="testBlankPassword" time="197.374" classname="testcases.mips.TC_SubmissionSingleTin">
    <failure type="java.lang.AssertionError" message="Step 19	Action: verifyelement	Status: Fail">
      <![CDATA[java.lang.AssertionError: Step 19	Action: verifyelement	Status: Fail
	at buisness.frameworkengine.TestExecutor.testexecute(TestExecutor.java:337)
	at testcases.mips.TC_SubmissionSingleTin.testBlankPassword(TC_SubmissionSingleTin.java:24)
	at TestNGLoader.Loader.main(Loader.java:60)
... Removed 22 stack frames]]>
    </failure>
  </testcase> <!-- testBlankPassword -->
  <testcase name="testBlankPassword" time="207.028" classname="testcases.mips.TC_SubmissionSingleTin">
    <failure type="java.lang.AssertionError" message="Step 19	Action: verifyelement	Status: Fail">
      <![CDATA[java.lang.AssertionError: Step 19	Action: verifyelement	Status: Fail
	at buisness.frameworkengine.TestExecutor.testexecute(TestExecutor.java:337)
	at testcases.mips.TC_SubmissionSingleTin.testBlankPassword(TC_SubmissionSingleTin.java:24)
	at TestNGLoader.Loader.main(Loader.java:60)
... Removed 22 stack frames]]>
    </failure>
  </testcase> <!-- testBlankPassword -->
  <testcase name="testBlankPassword" time="210.693" classname="testcases.mips.TC_SubmissionSingleTin">
    <failure type="java.lang.AssertionError" message="Step 19	Action: verifyelement	Status: Fail">
      <![CDATA[java.lang.AssertionError: Step 19	Action: verifyelement	Status: Fail
	at buisness.frameworkengine.TestExecutor.testexecute(TestExecutor.java:337)
	at testcases.mips.TC_SubmissionSingleTin.testBlankPassword(TC_SubmissionSingleTin.java:24)
	at TestNGLoader.Loader.main(Loader.java:60)
... Removed 22 stack frames]]>
    </failure>
  </testcase> <!-- testBlankPassword -->
  <testcase name="testBlankPassword" time="197.687" classname="testcases.mips.TC_SubmissionSingleTin">
    <failure type="java.lang.AssertionError" message="Step 19	Action: verifyelement	Status: Fail">
      <![CDATA[java.lang.AssertionError: Step 19	Action: verifyelement	Status: Fail
	at buisness.frameworkengine.TestExecutor.testexecute(TestExecutor.java:337)
	at testcases.mips.TC_SubmissionSingleTin.testBlankPassword(TC_SubmissionSingleTin.java:24)
	at TestNGLoader.Loader.main(Loader.java:60)
... Removed 22 stack frames]]>
    </failure>
  </testcase> <!-- testBlankPassword -->
  <testcase name="testBlankPassword" time="206.044" classname="testcases.mips.TC_SubmissionSingleTin">
    <failure type="java.lang.AssertionError" message="Step 19	Action: verifyelement	Status: Fail">
      <![CDATA[java.lang.AssertionError: Step 19	Action: verifyelement	Status: Fail
	at buisness.frameworkengine.TestExecutor.testexecute(TestExecutor.java:337)
	at testcases.mips.TC_SubmissionSingleTin.testBlankPassword(TC_SubmissionSingleTin.java:24)
	at TestNGLoader.Loader.main(Loader.java:60)
... Removed 22 stack frames]]>
    </failure>
  </testcase> <!-- testBlankPassword -->
  <testcase name="testBlankPassword" time="220.056" classname="testcases.mips.TC_SubmissionSingleTin">
    <failure type="java.lang.AssertionError" message="Step 19	Action: verifyelement	Status: Fail">
      <![CDATA[java.lang.AssertionError: Step 19	Action: verifyelement	Status: Fail
	at buisness.frameworkengine.TestExecutor.testexecute(TestExecutor.java:337)
	at testcases.mips.TC_SubmissionSingleTin.testBlankPassword(TC_SubmissionSingleTin.java:24)
	at TestNGLoader.Loader.main(Loader.java:60)
... Removed 22 stack frames]]>
    </failure>
  </testcase> <!-- testBlankPassword -->
  <testcase name="testBlankPassword" time="217.351" classname="testcases.mips.TC_SubmissionSingleTin">
    <failure type="java.lang.AssertionError" message="Step 19	Action: verifyelement	Status: Fail">
      <![CDATA[java.lang.AssertionError: Step 19	Action: verifyelement	Status: Fail
	at buisness.frameworkengine.TestExecutor.testexecute(TestExecutor.java:337)
	at testcases.mips.TC_SubmissionSingleTin.testBlankPassword(TC_SubmissionSingleTin.java:24)
	at TestNGLoader.Loader.main(Loader.java:60)
... Removed 22 stack frames]]>
    </failure>
  </testcase> <!-- testBlankPassword -->
  <testcase name="testBlankPassword" time="211.751" classname="testcases.mips.TC_SubmissionSingleTin">
    <failure type="java.lang.AssertionError" message="Step 19	Action: verifyelement	Status: Fail">
      <![CDATA[java.lang.AssertionError: Step 19	Action: verifyelement	Status: Fail
	at buisness.frameworkengine.TestExecutor.testexecute(TestExecutor.java:337)
	at testcases.mips.TC_SubmissionSingleTin.testBlankPassword(TC_SubmissionSingleTin.java:24)
	at TestNGLoader.Loader.main(Loader.java:60)
... Removed 22 stack frames]]>
    </failure>
  </testcase> <!-- testBlankPassword -->
  <testcase name="testBlankPassword" time="225.268" classname="testcases.mips.TC_SubmissionSingleTin">
    <failure type="java.lang.AssertionError" message="Step 19	Action: verifyelement	Status: Fail">
      <![CDATA[java.lang.AssertionError: Step 19	Action: verifyelement	Status: Fail
	at buisness.frameworkengine.TestExecutor.testexecute(TestExecutor.java:337)
	at testcases.mips.TC_SubmissionSingleTin.testBlankPassword(TC_SubmissionSingleTin.java:24)
	at TestNGLoader.Loader.main(Loader.java:60)
... Removed 22 stack frames]]>
    </failure>
  </testcase> <!-- testBlankPassword -->
  <testcase name="testBlankPassword" time="202.187" classname="testcases.mips.TC_SubmissionSingleTin">
    <failure type="java.lang.AssertionError" message="Step 19	Action: verifyelement	Status: Fail">
      <![CDATA[java.lang.AssertionError: Step 19	Action: verifyelement	Status: Fail
	at buisness.frameworkengine.TestExecutor.testexecute(TestExecutor.java:337)
	at testcases.mips.TC_SubmissionSingleTin.testBlankPassword(TC_SubmissionSingleTin.java:24)
	at TestNGLoader.Loader.main(Loader.java:60)
... Removed 22 stack frames]]>
    </failure>
  </testcase> <!-- testBlankPassword -->
  <testcase name="testBlankPassword" time="203.65" classname="testcases.mips.TC_SubmissionSingleTin">
    <failure type="java.lang.AssertionError" message="Step 19	Action: verifyelement	Status: Fail">
      <![CDATA[java.lang.AssertionError: Step 19	Action: verifyelement	Status: Fail
	at buisness.frameworkengine.TestExecutor.testexecute(TestExecutor.java:337)
	at testcases.mips.TC_SubmissionSingleTin.testBlankPassword(TC_SubmissionSingleTin.java:24)
	at TestNGLoader.Loader.main(Loader.java:60)
... Removed 22 stack frames]]>
    </failure>
  </testcase> <!-- testBlankPassword -->
  <testcase name="testBlankPassword" time="209.502" classname="testcases.mips.TC_SubmissionSingleTin">
    <failure type="java.lang.AssertionError" message="Step 19	Action: verifyelement	Status: Fail">
      <![CDATA[java.lang.AssertionError: Step 19	Action: verifyelement	Status: Fail
	at buisness.frameworkengine.TestExecutor.testexecute(TestExecutor.java:337)
	at testcases.mips.TC_SubmissionSingleTin.testBlankPassword(TC_SubmissionSingleTin.java:24)
	at TestNGLoader.Loader.main(Loader.java:60)
... Removed 22 stack frames]]>
    </failure>
  </testcase> <!-- testBlankPassword -->
  <testcase name="testBlankPassword" time="210.769" classname="testcases.mips.TC_SubmissionSingleTin">
    <failure type="java.lang.AssertionError" message="Step 19	Action: verifyelement	Status: Fail">
      <![CDATA[java.lang.AssertionError: Step 19	Action: verifyelement	Status: Fail
	at buisness.frameworkengine.TestExecutor.testexecute(TestExecutor.java:337)
	at testcases.mips.TC_SubmissionSingleTin.testBlankPassword(TC_SubmissionSingleTin.java:24)
	at TestNGLoader.Loader.main(Loader.java:60)
... Removed 22 stack frames]]>
    </failure>
  </testcase> <!-- testBlankPassword -->
  <testcase name="testBlankPassword" time="199.295" classname="testcases.mips.TC_SubmissionSingleTin">
    <failure type="java.lang.AssertionError" message="Step 19	Action: verifyelement	Status: Fail">
      <![CDATA[java.lang.AssertionError: Step 19	Action: verifyelement	Status: Fail
	at buisness.frameworkengine.TestExecutor.testexecute(TestExecutor.java:337)
	at testcases.mips.TC_SubmissionSingleTin.testBlankPassword(TC_SubmissionSingleTin.java:24)
	at TestNGLoader.Loader.main(Loader.java:60)
... Removed 21 stack frames]]>
    </failure>
  </testcase> <!-- testBlankPassword -->
  <testcase name="testBlankPassword" time="208.566" classname="testcases.mips.TC_SubmissionSingleTin">
    <failure type="java.lang.AssertionError" message="Step 19	Action: verifyelement	Status: Fail">
      <![CDATA[java.lang.AssertionError: Step 19	Action: verifyelement	Status: Fail
	at buisness.frameworkengine.TestExecutor.testexecute(TestExecutor.java:337)
	at testcases.mips.TC_SubmissionSingleTin.testBlankPassword(TC_SubmissionSingleTin.java:24)
	at TestNGLoader.Loader.main(Loader.java:60)
... Removed 21 stack frames]]>
    </failure>
  </testcase> <!-- testBlankPassword -->
  <testcase name="testBlankPassword" time="204.783" classname="testcases.mips.TC_SubmissionSingleTin">
    <failure type="java.lang.AssertionError" message="Step 19	Action: verifyelement	Status: Fail">
      <![CDATA[java.lang.AssertionError: Step 19	Action: verifyelement	Status: Fail
	at buisness.frameworkengine.TestExecutor.testexecute(TestExecutor.java:337)
	at testcases.mips.TC_SubmissionSingleTin.testBlankPassword(TC_SubmissionSingleTin.java:24)
	at TestNGLoader.Loader.main(Loader.java:60)
... Removed 21 stack frames]]>
    </failure>
  </testcase> <!-- testBlankPassword -->
  <testcase name="testBlankPassword" time="206.733" classname="testcases.mips.TC_SubmissionSingleTin">
    <failure type="java.lang.AssertionError" message="Step 19	Action: verifyelement	Status: Fail">
      <![CDATA[java.lang.AssertionError: Step 19	Action: verifyelement	Status: Fail
	at buisness.frameworkengine.TestExecutor.testexecute(TestExecutor.java:337)
	at testcases.mips.TC_SubmissionSingleTin.testBlankPassword(TC_SubmissionSingleTin.java:24)
	at TestNGLoader.Loader.main(Loader.java:60)
... Removed 21 stack frames]]>
    </failure>
  </testcase> <!-- testBlankPassword -->
  <testcase name="testBlankPassword" time="219.728" classname="testcases.mips.TC_SubmissionSingleTin">
    <failure type="java.lang.AssertionError" message="Step 19	Action: verifyelement	Status: Fail">
      <![CDATA[java.lang.AssertionError: Step 19	Action: verifyelement	Status: Fail
	at buisness.frameworkengine.TestExecutor.testexecute(TestExecutor.java:337)
	at testcases.mips.TC_SubmissionSingleTin.testBlankPassword(TC_SubmissionSingleTin.java:24)
	at TestNGLoader.Loader.main(Loader.java:60)
... Removed 21 stack frames]]>
    </failure>
  </testcase> <!-- testBlankPassword -->
  <testcase name="testBlankPassword" time="217.107" classname="testcases.mips.TC_SubmissionSingleTin">
    <failure type="java.lang.AssertionError" message="Step 19	Action: verifyelement	Status: Fail">
      <![CDATA[java.lang.AssertionError: Step 19	Action: verifyelement	Status: Fail
	at buisness.frameworkengine.TestExecutor.testexecute(TestExecutor.java:337)
	at testcases.mips.TC_SubmissionSingleTin.testBlankPassword(TC_SubmissionSingleTin.java:24)
	at TestNGLoader.Loader.main(Loader.java:60)
... Removed 21 stack frames]]>
    </failure>
  </testcase> <!-- testBlankPassword -->
  <testcase name="testBlankPassword" time="205.278" classname="testcases.mips.TC_SubmissionSingleTin">
    <failure type="java.lang.AssertionError" message="Step 19	Action: verifyelement	Status: Fail">
      <![CDATA[java.lang.AssertionError: Step 19	Action: verifyelement	Status: Fail
	at buisness.frameworkengine.TestExecutor.testexecute(TestExecutor.java:337)
	at testcases.mips.TC_SubmissionSingleTin.testBlankPassword(TC_SubmissionSingleTin.java:24)
	at TestNGLoader.Loader.main(Loader.java:60)
... Removed 21 stack frames]]>
    </failure>
  </testcase> <!-- testBlankPassword -->
  <testcase name="testBlankPassword" time="202.245" classname="testcases.mips.TC_SubmissionSingleTin">
    <failure type="java.lang.AssertionError" message="Step 19	Action: verifyelement	Status: Fail">
      <![CDATA[java.lang.AssertionError: Step 19	Action: verifyelement	Status: Fail
	at buisness.frameworkengine.TestExecutor.testexecute(TestExecutor.java:337)
	at testcases.mips.TC_SubmissionSingleTin.testBlankPassword(TC_SubmissionSingleTin.java:24)
	at TestNGLoader.Loader.main(Loader.java:60)
... Removed 21 stack frames]]>
    </failure>
  </testcase> <!-- testBlankPassword -->
  <testcase name="testBlankPassword" time="206.475" classname="testcases.mips.TC_SubmissionSingleTin">
    <failure type="java.lang.AssertionError" message="Step 19	Action: verifyelement	Status: Fail">
      <![CDATA[java.lang.AssertionError: Step 19	Action: verifyelement	Status: Fail
	at buisness.frameworkengine.TestExecutor.testexecute(TestExecutor.java:337)
	at testcases.mips.TC_SubmissionSingleTin.testBlankPassword(TC_SubmissionSingleTin.java:24)
	at TestNGLoader.Loader.main(Loader.java:60)
... Removed 21 stack frames]]>
    </failure>
  </testcase> <!-- testBlankPassword -->
  <testcase name="testBlankPassword" time="202.944" classname="testcases.mips.TC_SubmissionSingleTin">
    <failure type="java.lang.AssertionError" message="Step 19	Action: verifyelement	Status: Fail">
      <![CDATA[java.lang.AssertionError: Step 19	Action: verifyelement	Status: Fail
	at buisness.frameworkengine.TestExecutor.testexecute(TestExecutor.java:337)
	at testcases.mips.TC_SubmissionSingleTin.testBlankPassword(TC_SubmissionSingleTin.java:24)
	at TestNGLoader.Loader.main(Loader.java:60)
... Removed 21 stack frames]]>
    </failure>
  </testcase> <!-- testBlankPassword -->
  <testcase name="testBlankPassword" time="200.117" classname="testcases.mips.TC_SubmissionSingleTin">
    <failure type="java.lang.AssertionError" message="Step 19	Action: verifyelement	Status: Fail">
      <![CDATA[java.lang.AssertionError: Step 19	Action: verifyelement	Status: Fail
	at buisness.frameworkengine.TestExecutor.testexecute(TestExecutor.java:337)
	at testcases.mips.TC_SubmissionSingleTin.testBlankPassword(TC_SubmissionSingleTin.java:24)
	at TestNGLoader.Loader.main(Loader.java:60)
... Removed 21 stack frames]]>
    </failure>
  </testcase> <!-- testBlankPassword -->
  <testcase name="testBlankPassword" time="204.144" classname="testcases.mips.TC_SubmissionSingleTin">
    <failure type="java.lang.AssertionError" message="Step 19	Action: verifyelement	Status: Fail">
      <![CDATA[java.lang.AssertionError: Step 19	Action: verifyelement	Status: Fail
	at buisness.frameworkengine.TestExecutor.testexecute(TestExecutor.java:337)
	at testcases.mips.TC_SubmissionSingleTin.testBlankPassword(TC_SubmissionSingleTin.java:24)
	at TestNGLoader.Loader.main(Loader.java:60)
... Removed 21 stack frames]]>
    </failure>
  </testcase> <!-- testBlankPassword -->
  <testcase name="testBlankPassword" time="194.893" classname="testcases.mips.TC_SubmissionSingleTin">
    <failure type="java.lang.AssertionError" message="Step 19	Action: verifyelement	Status: Fail">
      <![CDATA[java.lang.AssertionError: Step 19	Action: verifyelement	Status: Fail
	at buisness.frameworkengine.TestExecutor.testexecute(TestExecutor.java:337)
	at testcases.mips.TC_SubmissionSingleTin.testBlankPassword(TC_SubmissionSingleTin.java:24)
	at TestNGLoader.Loader.main(Loader.java:60)
... Removed 21 stack frames]]>
    </failure>
  </testcase> <!-- testBlankPassword -->
  <testcase name="testBlankPassword" time="196.643" classname="testcases.mips.TC_SubmissionSingleTin">
    <failure type="java.lang.AssertionError" message="Step 19	Action: verifyelement	Status: Fail">
      <![CDATA[java.lang.AssertionError: Step 19	Action: verifyelement	Status: Fail
	at buisness.frameworkengine.TestExecutor.testexecute(TestExecutor.java:337)
	at testcases.mips.TC_SubmissionSingleTin.testBlankPassword(TC_SubmissionSingleTin.java:24)
	at TestNGLoader.Loader.main(Loader.java:60)
... Removed 21 stack frames]]>
    </failure>
  </testcase> <!-- testBlankPassword -->
  <testcase name="testBlankPassword" time="200.289" classname="testcases.mips.TC_SubmissionSingleTin">
    <failure type="java.lang.AssertionError" message="Step 19	Action: verifyelement	Status: Fail">
      <![CDATA[java.lang.AssertionError: Step 19	Action: verifyelement	Status: Fail
	at buisness.frameworkengine.TestExecutor.testexecute(TestExecutor.java:337)
	at testcases.mips.TC_SubmissionSingleTin.testBlankPassword(TC_SubmissionSingleTin.java:24)
	at TestNGLoader.Loader.main(Loader.java:60)
... Removed 21 stack frames]]>
    </failure>
  </testcase> <!-- testBlankPassword -->
  <testcase name="testBlankPassword" time="211.587" classname="testcases.mips.TC_SubmissionSingleTin">
    <failure type="java.lang.AssertionError" message="Step 19	Action: verifyelement	Status: Fail">
      <![CDATA[java.lang.AssertionError: Step 19	Action: verifyelement	Status: Fail
	at buisness.frameworkengine.TestExecutor.testexecute(TestExecutor.java:337)
	at testcases.mips.TC_SubmissionSingleTin.testBlankPassword(TC_SubmissionSingleTin.java:24)
	at TestNGLoader.Loader.main(Loader.java:60)
... Removed 21 stack frames]]>
    </failure>
  </testcase> <!-- testBlankPassword -->
  <testcase name="testBlankPassword" time="197.307" classname="testcases.mips.TC_SubmissionSingleTin">
    <failure type="java.lang.AssertionError" message="Step 19	Action: verifyelement	Status: Fail">
      <![CDATA[java.lang.AssertionError: Step 19	Action: verifyelement	Status: Fail
	at buisness.frameworkengine.TestExecutor.testexecute(TestExecutor.java:337)
	at testcases.mips.TC_SubmissionSingleTin.testBlankPassword(TC_SubmissionSingleTin.java:24)
	at TestNGLoader.Loader.main(Loader.java:60)
... Removed 21 stack frames]]>
    </failure>
  </testcase> <!-- testBlankPassword -->
  <testcase name="testBlankPassword" time="219.385" classname="testcases.mips.TC_SubmissionSingleTin">
    <failure type="java.lang.AssertionError" message="Step 19	Action: verifyelement	Status: Fail">
      <![CDATA[java.lang.AssertionError: Step 19	Action: verifyelement	Status: Fail
	at buisness.frameworkengine.TestExecutor.testexecute(TestExecutor.java:337)
	at testcases.mips.TC_SubmissionSingleTin.testBlankPassword(TC_SubmissionSingleTin.java:24)
	at TestNGLoader.Loader.main(Loader.java:60)
... Removed 21 stack frames]]>
    </failure>
  </testcase> <!-- testBlankPassword -->
  <testcase name="testBlankPassword" time="215.639" classname="testcases.mips.TC_SubmissionSingleTin">
    <failure type="java.lang.AssertionError" message="Step 19	Action: verifyelement	Status: Fail">
      <![CDATA[java.lang.AssertionError: Step 19	Action: verifyelement	Status: Fail
	at buisness.frameworkengine.TestExecutor.testexecute(TestExecutor.java:337)
	at testcases.mips.TC_SubmissionSingleTin.testBlankPassword(TC_SubmissionSingleTin.java:24)
	at TestNGLoader.Loader.main(Loader.java:60)
... Removed 21 stack frames]]>
    </failure>
  </testcase> <!-- testBlankPassword -->
  <testcase name="testBlankPassword" time="222.309" classname="testcases.mips.TC_SubmissionSingleTin">
    <failure type="java.lang.AssertionError" message="Step 19	Action: verifyelement	Status: Fail">
      <![CDATA[java.lang.AssertionError: Step 19	Action: verifyelement	Status: Fail
	at buisness.frameworkengine.TestExecutor.testexecute(TestExecutor.java:337)
	at testcases.mips.TC_SubmissionSingleTin.testBlankPassword(TC_SubmissionSingleTin.java:24)
	at TestNGLoader.Loader.main(Loader.java:60)
... Removed 21 stack frames]]>
    </failure>
  </testcase> <!-- testBlankPassword -->
  <testcase name="testBlankPassword" time="214.849" classname="testcases.mips.TC_SubmissionSingleTin">
    <failure type="java.lang.AssertionError" message="Step 19	Action: verifyelement	Status: Fail">
      <![CDATA[java.lang.AssertionError: Step 19	Action: verifyelement	Status: Fail
	at buisness.frameworkengine.TestExecutor.testexecute(TestExecutor.java:337)
	at testcases.mips.TC_SubmissionSingleTin.testBlankPassword(TC_SubmissionSingleTin.java:24)
	at TestNGLoader.Loader.main(Loader.java:60)
... Removed 21 stack frames]]>
    </failure>
  </testcase> <!-- testBlankPassword -->
  <testcase name="testBlankPassword" time="196.217" classname="testcases.mips.TC_SubmissionSingleTin">
    <failure type="java.lang.AssertionError" message="Step 19	Action: verifyelement	Status: Fail">
      <![CDATA[java.lang.AssertionError: Step 19	Action: verifyelement	Status: Fail
	at buisness.frameworkengine.TestExecutor.testexecute(TestExecutor.java:337)
	at testcases.mips.TC_SubmissionSingleTin.testBlankPassword(TC_SubmissionSingleTin.java:24)
	at TestNGLoader.Loader.main(Loader.java:60)
... Removed 21 stack frames]]>
    </failure>
  </testcase> <!-- testBlankPassword -->
  <testcase name="testBlankPassword" time="200.048" classname="testcases.mips.TC_SubmissionSingleTin">
    <failure type="java.lang.AssertionError" message="Step 19	Action: verifyelement	Status: Fail">
      <![CDATA[java.lang.AssertionError: Step 19	Action: verifyelement	Status: Fail
	at buisness.frameworkengine.TestExecutor.testexecute(TestExecutor.java:337)
	at testcases.mips.TC_SubmissionSingleTin.testBlankPassword(TC_SubmissionSingleTin.java:24)
	at TestNGLoader.Loader.main(Loader.java:60)
... Removed 21 stack frames]]>
    </failure>
  </testcase> <!-- testBlankPassword -->
  <testcase name="testBlankPassword" time="210.306" classname="testcases.mips.TC_SubmissionSingleTin">
    <failure type="java.lang.AssertionError" message="Step 19	Action: verifyelement	Status: Fail">
      <![CDATA[java.lang.AssertionError: Step 19	Action: verifyelement	Status: Fail
	at buisness.frameworkengine.TestExecutor.testexecute(TestExecutor.java:337)
	at testcases.mips.TC_SubmissionSingleTin.testBlankPassword(TC_SubmissionSingleTin.java:24)
	at TestNGLoader.Loader.main(Loader.java:60)
... Removed 21 stack frames]]>
    </failure>
  </testcase> <!-- testBlankPassword -->
  <testcase name="testBlankPassword" time="198.003" classname="testcases.mips.TC_SubmissionSingleTin">
    <failure type="java.lang.AssertionError" message="Step 19	Action: verifyelement	Status: Fail">
      <![CDATA[java.lang.AssertionError: Step 19	Action: verifyelement	Status: Fail
	at buisness.frameworkengine.TestExecutor.testexecute(TestExecutor.java:337)
	at testcases.mips.TC_SubmissionSingleTin.testBlankPassword(TC_SubmissionSingleTin.java:24)
	at TestNGLoader.Loader.main(Loader.java:60)
... Removed 21 stack frames]]>
    </failure>
  </testcase> <!-- testBlankPassword -->
  <testcase name="testBlankPassword" time="197.489" classname="testcases.mips.TC_SubmissionSingleTin">
    <failure type="java.lang.AssertionError" message="Step 19	Action: verifyelement	Status: Fail">
      <![CDATA[java.lang.AssertionError: Step 19	Action: verifyelement	Status: Fail
	at buisness.frameworkengine.TestExecutor.testexecute(TestExecutor.java:337)
	at testcases.mips.TC_SubmissionSingleTin.testBlankPassword(TC_SubmissionSingleTin.java:24)
	at TestNGLoader.Loader.main(Loader.java:60)
... Removed 21 stack frames]]>
    </failure>
  </testcase> <!-- testBlankPassword -->
  <testcase name="testBlankPassword" time="196.514" classname="testcases.mips.TC_SubmissionSingleTin">
    <failure type="java.lang.AssertionError" message="Step 19	Action: verifyelement	Status: Fail">
      <![CDATA[java.lang.AssertionError: Step 19	Action: verifyelement	Status: Fail
	at buisness.frameworkengine.TestExecutor.testexecute(TestExecutor.java:337)
	at testcases.mips.TC_SubmissionSingleTin.testBlankPassword(TC_SubmissionSingleTin.java:24)
	at TestNGLoader.Loader.main(Loader.java:60)
... Removed 21 stack frames]]>
    </failure>
  </testcase> <!-- testBlankPassword -->
  <testcase name="testBlankPassword" time="211.393" classname="testcases.mips.TC_SubmissionSingleTin">
    <failure type="java.lang.AssertionError" message="Step 19	Action: verifyelement	Status: Fail">
      <![CDATA[java.lang.AssertionError: Step 19	Action: verifyelement	Status: Fail
	at buisness.frameworkengine.TestExecutor.testexecute(TestExecutor.java:337)
	at testcases.mips.TC_SubmissionSingleTin.testBlankPassword(TC_SubmissionSingleTin.java:24)
	at TestNGLoader.Loader.main(Loader.java:60)
... Removed 21 stack frames]]>
    </failure>
  </testcase> <!-- testBlankPassword -->
  <testcase name="testBlankPassword" time="189.609" classname="testcases.mips.TC_SubmissionSingleTin">
    <failure type="java.lang.AssertionError" message="Step 19	Action: verifyelement	Status: Fail">
      <![CDATA[java.lang.AssertionError: Step 19	Action: verifyelement	Status: Fail
	at buisness.frameworkengine.TestExecutor.testexecute(TestExecutor.java:337)
	at testcases.mips.TC_SubmissionSingleTin.testBlankPassword(TC_SubmissionSingleTin.java:24)
	at TestNGLoader.Loader.main(Loader.java:60)
... Removed 21 stack frames]]>
    </failure>
  </testcase> <!-- testBlankPassword -->
  <testcase name="testBlankPassword" time="203.373" classname="testcases.mips.TC_SubmissionSingleTin">
    <failure type="java.lang.AssertionError" message="Step 19	Action: verifyelement	Status: Fail">
      <![CDATA[java.lang.AssertionError: Step 19	Action: verifyelement	Status: Fail
	at buisness.frameworkengine.TestExecutor.testexecute(TestExecutor.java:337)
	at testcases.mips.TC_SubmissionSingleTin.testBlankPassword(TC_SubmissionSingleTin.java:24)
	at TestNGLoader.Loader.main(Loader.java:60)
... Removed 21 stack frames]]>
    </failure>
  </testcase> <!-- testBlankPassword -->
  <testcase name="testBlankPassword" time="198.667" classname="testcases.mips.TC_SubmissionSingleTin">
    <failure type="java.lang.AssertionError" message="Step 19	Action: verifyelement	Status: Fail">
      <![CDATA[java.lang.AssertionError: Step 19	Action: verifyelement	Status: Fail
	at buisness.frameworkengine.TestExecutor.testexecute(TestExecutor.java:337)
	at testcases.mips.TC_SubmissionSingleTin.testBlankPassword(TC_SubmissionSingleTin.java:24)
	at TestNGLoader.Loader.main(Loader.java:60)
... Removed 21 stack frames]]>
    </failure>
  </testcase> <!-- testBlankPassword -->
  <testcase name="testBlankPassword" time="192.427" classname="testcases.mips.TC_SubmissionSingleTin">
    <failure type="java.lang.AssertionError" message="Step 19	Action: verifyelement	Status: Fail">
      <![CDATA[java.lang.AssertionError: Step 19	Action: verifyelement	Status: Fail
	at buisness.frameworkengine.TestExecutor.testexecute(TestExecutor.java:337)
	at testcases.mips.TC_SubmissionSingleTin.testBlankPassword(TC_SubmissionSingleTin.java:24)
	at TestNGLoader.Loader.main(Loader.java:60)
... Removed 21 stack frames]]>
    </failure>
  </testcase> <!-- testBlankPassword -->
  <testcase name="testBlankPassword" time="199.983" classname="testcases.mips.TC_SubmissionSingleTin">
    <failure type="java.lang.AssertionError" message="Step 19	Action: verifyelement	Status: Fail">
      <![CDATA[java.lang.AssertionError: Step 19	Action: verifyelement	Status: Fail
	at buisness.frameworkengine.TestExecutor.testexecute(TestExecutor.java:337)
	at testcases.mips.TC_SubmissionSingleTin.testBlankPassword(TC_SubmissionSingleTin.java:24)
	at TestNGLoader.Loader.main(Loader.java:60)
... Removed 21 stack frames]]>
    </failure>
  </testcase> <!-- testBlankPassword -->
  <testcase name="testBlankPassword" time="197.627" classname="testcases.mips.TC_SubmissionSingleTin">
    <failure type="java.lang.AssertionError" message="Step 19	Action: verifyelement	Status: Fail">
      <![CDATA[java.lang.AssertionError: Step 19	Action: verifyelement	Status: Fail
	at buisness.frameworkengine.TestExecutor.testexecute(TestExecutor.java:337)
	at testcases.mips.TC_SubmissionSingleTin.testBlankPassword(TC_SubmissionSingleTin.java:24)
	at TestNGLoader.Loader.main(Loader.java:60)
... Removed 21 stack frames]]>
    </failure>
  </testcase> <!-- testBlankPassword -->
  <testcase name="testBlankPassword" time="199.412" classname="testcases.mips.TC_SubmissionSingleTin">
    <failure type="java.lang.AssertionError" message="Step 19	Action: verifyelement	Status: Fail">
      <![CDATA[java.lang.AssertionError: Step 19	Action: verifyelement	Status: Fail
	at buisness.frameworkengine.TestExecutor.testexecute(TestExecutor.java:337)
	at testcases.mips.TC_SubmissionSingleTin.testBlankPassword(TC_SubmissionSingleTin.java:24)
	at TestNGLoader.Loader.main(Loader.java:60)
... Removed 21 stack frames]]>
    </failure>
  </testcase> <!-- testBlankPassword -->
  <testcase name="testBlankPassword" time="183.249" classname="testcases.mips.TC_SubmissionSingleTin"/>
  <testcase name="testBlankPassword" time="191.936" classname="testcases.mips.TC_SubmissionSingleTin"/>
  <testcase name="testBlankPassword" time="186.184" classname="testcases.mips.TC_SubmissionSingleTin"/>
  <testcase name="testBlankPassword" time="184.439" classname="testcases.mips.TC_SubmissionSingleTin"/>
  <testcase name="testBlankPassword" time="177.527" classname="testcases.mips.TC_SubmissionSingleTin"/>
  <testcase name="testBlankPassword" time="182.767" classname="testcases.mips.TC_SubmissionSingleTin"/>
</testsuite> <!-- TC_ProviderSubmissionSingleTin -->
